Performing C SOURCE FILE Test RIGHT_SHIFT_IS_UNSIGNED failed with the following compile output:
Change Dir: /Users/kayleegeorge/code/attested-img-editor/img-editor/script/target/release/build/turbojpeg-sys-b4c9f12563688f74/out/build/CMakeFiles/CMakeTmp

Run Build Command(s):/usr/bin/make -f Makefile cmTC_4baf3/fast && /Library/Developer/CommandLineTools/usr/bin/make  -f CMakeFiles/cmTC_4baf3.dir/build.make CMakeFiles/cmTC_4baf3.dir/build
Building C object CMakeFiles/cmTC_4baf3.dir/src.c.o
/usr/bin/cc -DRIGHT_SHIFT_IS_UNSIGNED  -ffunction-sections -fdata-sections -fPIC -arch arm64  -arch arm64 -isysroot /Library/Developer/CommandLineTools/SDKs/MacOSX12.3.sdk -MD -MT CMakeFiles/cmTC_4baf3.dir/src.c.o -MF CMakeFiles/cmTC_4baf3.dir/src.c.o.d -o CMakeFiles/cmTC_4baf3.dir/src.c.o -c /Users/kayleegeorge/code/attested-img-editor/img-editor/script/target/release/build/turbojpeg-sys-b4c9f12563688f74/out/build/CMakeFiles/CMakeTmp/src.c
/Users/kayleegeorge/code/attested-img-editor/img-editor/script/target/release/build/turbojpeg-sys-b4c9f12563688f74/out/build/CMakeFiles/CMakeTmp/src.c:10:22: warning: shifting a negative signed value is undefined [-Wshift-negative-value]
        res |= (~0L) << (32-4);
               ~~~~~ ^
1 warning generated.
Linking C executable cmTC_4baf3
/opt/homebrew/Cellar/cmake/3.24.3/bin/cmake -E cmake_link_script CMakeFiles/cmTC_4baf3.dir/link.txt --verbose=1
/usr/bin/cc  -ffunction-sections -fdata-sections -fPIC -arch arm64  -arch arm64 -isysroot /Library/Developer/CommandLineTools/SDKs/MacOSX12.3.sdk -Wl,-search_paths_first -Wl,-headerpad_max_install_names CMakeFiles/cmTC_4baf3.dir/src.c.o -o cmTC_4baf3 


...and run output:

Return value: 1
Source file was:

      #include <stdio.h>
      #include <stdlib.h>
      int is_shifting_signed (long arg) {
        long res = arg >> 4;
        if (res == -0x7F7E80CL)
          return 1; /* right shift is signed */
        /* see if unsigned-shift hack will fix it. */
        /* we can't just test exact value since it depends on width of long... */
        res |= (~0L) << (32-4);
        if (res == -0x7F7E80CL)
          return 0; /* right shift is unsigned */
        printf("Right shift isn't acting as I expect it to.\n");
        printf("I fear the JPEG software will not work at all.\n\n");
        return 0; /* try it with unsigned anyway */
      }
      int main (void) {
        exit(is_shifting_signed(-0x7F7E80B1L));
      }
